  [1m[35m (3315.2ms)[0m  [1m[35mCREATE DATABASE "music_app_development" ENCODING = 'unicode'[0m
  ↳ bin/rails:9
  [1m[35m (1790.8ms)[0m  [1m[35mCREATE DATABASE "music_app_test" ENCODING = 'unicode'[0m
  ↳ bin/rails:9
  [1m[35m (199.9ms)[0m  [1m[35mDROP DATABASE IF EXISTS "music_app_development"[0m
  ↳ bin/rails:9
  [1m[35m (214.6ms)[0m  [1m[35mDROP DATABASE IF EXISTS "music_app_test"[0m
  ↳ bin/rails:9
  [1m[35m (1748.4ms)[0m  [1m[35mCREATE DATABASE "music_app_development" ENCODING = 'unicode'[0m
  ↳ bin/rails:9
  [1m[35m (1656.5ms)[0m  [1m[35mCREATE DATABASE "music_app_test" ENCODING = 'unicode'[0m
  ↳ bin/rails:9
  [1m[35m (43.2ms)[0m  [1m[35mCREATE TABLE "schema_migrations" ("version" character varying NOT NULL PRIMARY KEY)[0m
  ↳ bin/rails:9
  [1m[35m (8.3ms)[0m  [1m[35mCREATE TABLE "ar_internal_metadata" ("key" character varying NOT NULL PRIMARY KEY, "value" character varying, "created_at" timestamp NOT NULL, "updated_at" timestamp NOT NULL)[0m
  ↳ bin/rails:9
  [1m[35m (0.1ms)[0m  [1m[34mSELECT pg_try_advisory_lock(4505726345591715405)[0m
  ↳ bin/rails:9
  [1m[35m (7.2ms)[0m  [1m[34mSELECT "schema_migrations"."version" FROM "schema_migrations" ORDER BY "schema_migrations"."version" ASC[0m
  ↳ bin/rails:9
Migrating to CreateUsers (20210406152750)
  [1m[35m (0.1ms)[0m  [1m[35mBEGIN[0m
  ↳ bin/rails:9
  [1m[35m (12.1ms)[0m  [1m[35mCREATE TABLE "users" ("id" bigserial primary key, "email" character varying NOT NULL, "password_digest" character varying NOT NULL, "session_token" character varying NOT NULL, "created_at" timestamp NOT NULL, "updated_at" timestamp NOT NULL)[0m
  ↳ db/migrate/20210406152750_create_users.rb:3
  [1m[35m (3.7ms)[0m  [1m[35mCREATE UNIQUE INDEX  "index_users_on_email" ON "users"  ("email")[0m
  ↳ db/migrate/20210406152750_create_users.rb:3
  [1m[35m (2.9ms)[0m  [1m[35mCREATE UNIQUE INDEX  "index_users_on_session_token" ON "users"  ("session_token")[0m
  ↳ db/migrate/20210406152750_create_users.rb:3
  [1m[36mActiveRecord::SchemaMigration Create (0.9ms)[0m  [1m[32mINSERT INTO "schema_migrations" ("version") VALUES ($1) RETURNING "version"[0m  [["version", "20210406152750"]]
  ↳ bin/rails:9
  [1m[35m (0.5ms)[0m  [1m[35mCOMMIT[0m
  ↳ bin/rails:9
  [1m[36mActiveRecord::InternalMetadata Load (6.4ms)[0m  [1m[34mSELECT  "ar_internal_metadata".* FROM "ar_internal_metadata" WHERE "ar_internal_metadata"."key" = $1 LIMIT $2[0m  [["key", "environment"], ["LIMIT", 1]]
  ↳ bin/rails:9
  [1m[35m (0.1ms)[0m  [1m[35mBEGIN[0m
  ↳ bin/rails:9
  [1m[36mActiveRecord::InternalMetadata Create (0.7ms)[0m  [1m[32mINSERT INTO "ar_internal_metadata" ("key", "value", "created_at", "updated_at") VALUES ($1, $2, $3, $4) RETURNING "key"[0m  [["key", "environment"], ["value", "development"], ["created_at", "2021-04-06 15:29:57.061283"], ["updated_at", "2021-04-06 15:29:57.061283"]]
  ↳ bin/rails:9
  [1m[35m (0.3ms)[0m  [1m[35mCOMMIT[0m
  ↳ bin/rails:9
  [1m[35m (0.2ms)[0m  [1m[34mSELECT pg_advisory_unlock(4505726345591715405)[0m
  ↳ bin/rails:9
  [1m[35m (0.5ms)[0m  [1m[34mSELECT "schema_migrations"."version" FROM "schema_migrations" ORDER BY "schema_migrations"."version" ASC[0m
  ↳ bin/rails:9
  [1m[35m (8.6ms)[0m  [1m[34mSELECT "schema_migrations"."version" FROM "schema_migrations" ORDER BY "schema_migrations"."version" ASC[0m
  ↳ /home/collin/.rbenv/versions/2.5.1/bin/annotate:23
Started GET "/" for ::1 at 2021-04-06 14:39:51 -0400

ActiveRecord::NoDatabaseError - FATAL:  database "music_app_development" does not exist:

Started POST "/__better_errors/2fae58d56ebd5922/variables" for ::1 at 2021-04-06 14:39:51 -0400
  [1m[35m (13.7ms)[0m  [1m[35mDROP DATABASE IF EXISTS "music_app_development"[0m
  ↳ bin/rails:9
  [1m[35m (0.2ms)[0m  [1m[35mDROP DATABASE IF EXISTS "music_app_test"[0m
  ↳ bin/rails:9
  [1m[35m (1659.7ms)[0m  [1m[35mCREATE DATABASE "music_app_development" ENCODING = 'unicode'[0m
  ↳ bin/rails:9
  [1m[35m (481.4ms)[0m  [1m[35mCREATE DATABASE "music_app_test" ENCODING = 'unicode'[0m
  ↳ bin/rails:9
  [1m[35mSQL (15.0ms)[0m  [1m[35mCREATE EXTENSION IF NOT EXISTS "plpgsql"[0m
  ↳ db/schema.rb:16
  [1m[35m (83.9ms)[0m  [1m[35mDROP TABLE IF EXISTS "users" CASCADE[0m
  ↳ db/schema.rb:18
  [1m[35m (21.8ms)[0m  [1m[35mCREATE TABLE "users" ("id" bigserial primary key, "email" character varying NOT NULL, "password_digest" character varying NOT NULL, "session_token" character varying NOT NULL, "created_at" timestamp NOT NULL, "updated_at" timestamp NOT NULL)[0m
  ↳ db/schema.rb:18
  [1m[35m (3.1ms)[0m  [1m[35mCREATE UNIQUE INDEX  "index_users_on_email" ON "users"  ("email")[0m
  ↳ db/schema.rb:18
  [1m[35m (2.5ms)[0m  [1m[35mCREATE UNIQUE INDEX  "index_users_on_session_token" ON "users"  ("session_token")[0m
  ↳ db/schema.rb:18
  [1m[35m (32.5ms)[0m  [1m[35mCREATE TABLE "schema_migrations" ("version" character varying NOT NULL PRIMARY KEY)[0m
  ↳ db/schema.rb:13
  [1m[35m (3.7ms)[0m  [1m[34mSELECT "schema_migrations"."version" FROM "schema_migrations" ORDER BY "schema_migrations"."version" ASC[0m
  ↳ db/schema.rb:13
  [1m[35m (6.2ms)[0m  [1m[32mINSERT INTO "schema_migrations" (version) VALUES (20210406152750)[0m
  ↳ db/schema.rb:13
  [1m[35m (62.2ms)[0m  [1m[35mCREATE TABLE "ar_internal_metadata" ("key" character varying NOT NULL PRIMARY KEY, "value" character varying, "created_at" timestamp NOT NULL, "updated_at" timestamp NOT NULL)[0m
  ↳ db/schema.rb:13
  [1m[36mActiveRecord::InternalMetadata Load (2.7ms)[0m  [1m[34mSELECT  "ar_internal_metadata".* FROM "ar_internal_metadata" WHERE "ar_internal_metadata"."key" = $1 LIMIT $2[0m  [["key", "environment"], ["LIMIT", 1]]
  ↳ db/schema.rb:13
  [1m[35m (0.2ms)[0m  [1m[35mBEGIN[0m
  ↳ db/schema.rb:13
  [1m[36mActiveRecord::InternalMetadata Create (0.8ms)[0m  [1m[32mINSERT INTO "ar_internal_metadata" ("key", "value", "created_at", "updated_at") VALUES ($1, $2, $3, $4) RETURNING "key"[0m  [["key", "environment"], ["value", "development"], ["created_at", "2021-04-06 18:41:18.835333"], ["updated_at", "2021-04-06 18:41:18.835333"]]
  ↳ db/schema.rb:13
  [1m[35m (40.6ms)[0m  [1m[35mCOMMIT[0m
  ↳ db/schema.rb:13
  [1m[36mActiveRecord::InternalMetadata Load (0.8ms)[0m  [1m[34mSELECT  "ar_internal_metadata".* FROM "ar_internal_metadata" WHERE "ar_internal_metadata"."key" = $1 LIMIT $2[0m  [["key", "environment"], ["LIMIT", 1]]
  ↳ bin/rails:9
  [1m[35m (0.2ms)[0m  [1m[35mBEGIN[0m
  ↳ bin/rails:9
  [1m[35m (0.2ms)[0m  [1m[35mCOMMIT[0m
  ↳ bin/rails:9
  [1m[35mSQL (2.7ms)[0m  [1m[35mCREATE EXTENSION IF NOT EXISTS "plpgsql"[0m
  ↳ db/schema.rb:16
  [1m[35m (0.4ms)[0m  [1m[35mDROP TABLE IF EXISTS "users" CASCADE[0m
  ↳ db/schema.rb:18
  [1m[35m (54.5ms)[0m  [1m[35mCREATE TABLE "users" ("id" bigserial primary key, "email" character varying NOT NULL, "password_digest" character varying NOT NULL, "session_token" character varying NOT NULL, "created_at" timestamp NOT NULL, "updated_at" timestamp NOT NULL)[0m
  ↳ db/schema.rb:18
  [1m[35m (11.7ms)[0m  [1m[35mCREATE UNIQUE INDEX  "index_users_on_email" ON "users"  ("email")[0m
  ↳ db/schema.rb:18
  [1m[35m (27.5ms)[0m  [1m[35mCREATE UNIQUE INDEX  "index_users_on_session_token" ON "users"  ("session_token")[0m
  ↳ db/schema.rb:18
  [1m[35m (11.9ms)[0m  [1m[35mCREATE TABLE "schema_migrations" ("version" character varying NOT NULL PRIMARY KEY)[0m
  ↳ db/schema.rb:13
  [1m[35m (4.1ms)[0m  [1m[34mSELECT "schema_migrations"."version" FROM "schema_migrations" ORDER BY "schema_migrations"."version" ASC[0m
  ↳ db/schema.rb:13
  [1m[35m (1.2ms)[0m  [1m[32mINSERT INTO "schema_migrations" (version) VALUES (20210406152750)[0m
  ↳ db/schema.rb:13
  [1m[35m (65.9ms)[0m  [1m[35mCREATE TABLE "ar_internal_metadata" ("key" character varying NOT NULL PRIMARY KEY, "value" character varying, "created_at" timestamp NOT NULL, "updated_at" timestamp NOT NULL)[0m
  ↳ db/schema.rb:13
  [1m[36mActiveRecord::InternalMetadata Load (0.8ms)[0m  [1m[34mSELECT  "ar_internal_metadata".* FROM "ar_internal_metadata" WHERE "ar_internal_metadata"."key" = $1 LIMIT $2[0m  [["key", "environment"], ["LIMIT", 1]]
  ↳ db/schema.rb:13
  [1m[35m (0.3ms)[0m  [1m[35mBEGIN[0m
  ↳ db/schema.rb:13
  [1m[36mActiveRecord::InternalMetadata Create (1.2ms)[0m  [1m[32mINSERT INTO "ar_internal_metadata" ("key", "value", "created_at", "updated_at") VALUES ($1, $2, $3, $4) RETURNING "key"[0m  [["key", "environment"], ["value", "development"], ["created_at", "2021-04-06 18:41:19.443134"], ["updated_at", "2021-04-06 18:41:19.443134"]]
  ↳ db/schema.rb:13
  [1m[35m (0.5ms)[0m  [1m[35mCOMMIT[0m
  ↳ db/schema.rb:13
  [1m[36mActiveRecord::InternalMetadata Load (0.4ms)[0m  [1m[34mSELECT  "ar_internal_metadata".* FROM "ar_internal_metadata" WHERE "ar_internal_metadata"."key" = $1 LIMIT $2[0m  [["key", "environment"], ["LIMIT", 1]]
  ↳ bin/rails:9
  [1m[35m (0.9ms)[0m  [1m[35mBEGIN[0m
  ↳ bin/rails:9
  [1m[36mActiveRecord::InternalMetadata Update (0.9ms)[0m  [1m[33mUPDATE "ar_internal_metadata" SET "value" = $1, "updated_at" = $2 WHERE "ar_internal_metadata"."key" = $3[0m  [["value", "test"], ["updated_at", "2021-04-06 18:41:19.452857"], ["key", "environment"]]
  ↳ bin/rails:9
  [1m[35m (39.7ms)[0m  [1m[35mCOMMIT[0m
  ↳ bin/rails:9
  [1m[35m (1.9ms)[0m  [1m[34mSELECT "schema_migrations"."version" FROM "schema_migrations" ORDER BY "schema_migrations"."version" ASC[0m
  ↳ bin/rails:9
Started GET "/" for ::1 at 2021-04-06 14:41:31 -0400
  [1m[35m (1.5ms)[0m  [1m[34mSELECT "schema_migrations"."version" FROM "schema_migrations" ORDER BY "schema_migrations"."version" ASC[0m
  ↳ /Users/michelleroos/.rbenv/versions/2.5.1/lib/ruby/gems/2.5.0/gems/activerecord-5.2.5/lib/active_record/log_subscriber.rb:98
Processing by Rails::WelcomeController#index as HTML
  Rendering /Users/michelleroos/.rbenv/versions/2.5.1/lib/ruby/gems/2.5.0/gems/railties-5.2.5/lib/rails/templates/rails/welcome/index.html.erb
  Rendered /Users/michelleroos/.rbenv/versions/2.5.1/lib/ruby/gems/2.5.0/gems/railties-5.2.5/lib/rails/templates/rails/welcome/index.html.erb (49.2ms)
Completed 200 OK in 303ms (Views: 147.2ms | ActiveRecord: 0.0ms)


Started GET "/users" for ::1 at 2021-04-06 14:41:36 -0400
  
ActionController::RoutingError (No route matches [GET] "/users"):
  
actionpack (5.2.5) lib/action_dispatch/middleware/debug_exceptions.rb:65:in `call'
web-console (3.7.0) lib/web_console/middleware.rb:135:in `call_app'
web-console (3.7.0) lib/web_console/middleware.rb:30:in `block in call'
web-console (3.7.0) lib/web_console/middleware.rb:20:in `catch'
web-console (3.7.0) lib/web_console/middleware.rb:20:in `call'
actionpack (5.2.5) lib/action_dispatch/middleware/show_exceptions.rb:33:in `call'
railties (5.2.5) lib/rails/rack/logger.rb:38:in `call_app'
railties (5.2.5) lib/rails/rack/logger.rb:26:in `block in call'
activesupport (5.2.5) lib/active_support/tagged_logging.rb:71:in `block in tagged'
activesupport (5.2.5) lib/active_support/tagged_logging.rb:28:in `tagged'
activesupport (5.2.5) lib/active_support/tagged_logging.rb:71:in `tagged'
railties (5.2.5) lib/rails/rack/logger.rb:26:in `call'
sprockets-rails (3.2.2) lib/sprockets/rails/quiet_assets.rb:13:in `call'
actionpack (5.2.5) lib/action_dispatch/middleware/remote_ip.rb:81:in `call'
actionpack (5.2.5) lib/action_dispatch/middleware/request_id.rb:27:in `call'
rack (2.2.3) lib/rack/method_override.rb:24:in `call'
rack (2.2.3) lib/rack/runtime.rb:22:in `call'
activesupport (5.2.5) lib/active_support/cache/strategy/local_cache_middleware.rb:29:in `call'
actionpack (5.2.5) lib/action_dispatch/middleware/executor.rb:14:in `call'
actionpack (5.2.5) lib/action_dispatch/middleware/static.rb:127:in `call'
rack (2.2.3) lib/rack/sendfile.rb:110:in `call'
railties (5.2.5) lib/rails/engine.rb:524:in `call'
puma (3.12.6) lib/puma/configuration.rb:227:in `call'
puma (3.12.6) lib/puma/server.rb:706:in `handle_request'
puma (3.12.6) lib/puma/server.rb:476:in `process_client'
puma (3.12.6) lib/puma/server.rb:334:in `block in run'
puma (3.12.6) lib/puma/thread_pool.rb:135:in `block in spawn_thread'
Started GET "/users/new" for ::1 at 2021-04-06 14:41:38 -0400
Processing by UsersController#new as HTML
  [1m[36mUser Load (90.7ms)[0m  [1m[34mSELECT  "users".* FROM "users" WHERE "users"."session_token" IS NULL LIMIT $1[0m  [["LIMIT", 1]]
  ↳ app/controllers/application_controller.rb:7
Redirected to http://localhost:3000/users
Filter chain halted as :require_logged_out rendered or redirected
Completed 302 Found in 288ms (ActiveRecord: 179.5ms)


Started GET "/users" for ::1 at 2021-04-06 14:41:43 -0400
  
ActionController::RoutingError (No route matches [GET] "/users"):
  
actionpack (5.2.5) lib/action_dispatch/middleware/debug_exceptions.rb:65:in `call'
web-console (3.7.0) lib/web_console/middleware.rb:135:in `call_app'
web-console (3.7.0) lib/web_console/middleware.rb:30:in `block in call'
web-console (3.7.0) lib/web_console/middleware.rb:20:in `catch'
web-console (3.7.0) lib/web_console/middleware.rb:20:in `call'
actionpack (5.2.5) lib/action_dispatch/middleware/show_exceptions.rb:33:in `call'
railties (5.2.5) lib/rails/rack/logger.rb:38:in `call_app'
railties (5.2.5) lib/rails/rack/logger.rb:26:in `block in call'
activesupport (5.2.5) lib/active_support/tagged_logging.rb:71:in `block in tagged'
activesupport (5.2.5) lib/active_support/tagged_logging.rb:28:in `tagged'
activesupport (5.2.5) lib/active_support/tagged_logging.rb:71:in `tagged'
railties (5.2.5) lib/rails/rack/logger.rb:26:in `call'
sprockets-rails (3.2.2) lib/sprockets/rails/quiet_assets.rb:13:in `call'
actionpack (5.2.5) lib/action_dispatch/middleware/remote_ip.rb:81:in `call'
actionpack (5.2.5) lib/action_dispatch/middleware/request_id.rb:27:in `call'
rack (2.2.3) lib/rack/method_override.rb:24:in `call'
rack (2.2.3) lib/rack/runtime.rb:22:in `call'
activesupport (5.2.5) lib/active_support/cache/strategy/local_cache_middleware.rb:29:in `call'
actionpack (5.2.5) lib/action_dispatch/middleware/executor.rb:14:in `call'
actionpack (5.2.5) lib/action_dispatch/middleware/static.rb:127:in `call'
rack (2.2.3) lib/rack/sendfile.rb:110:in `call'
railties (5.2.5) lib/rails/engine.rb:524:in `call'
puma (3.12.6) lib/puma/configuration.rb:227:in `call'
puma (3.12.6) lib/puma/server.rb:706:in `handle_request'
puma (3.12.6) lib/puma/server.rb:476:in `process_client'
puma (3.12.6) lib/puma/server.rb:334:in `block in run'
puma (3.12.6) lib/puma/thread_pool.rb:135:in `block in spawn_thread'
Started GET "/users" for ::1 at 2021-04-06 14:42:29 -0400
  
ActionController::RoutingError (No route matches [GET] "/users"):
  
actionpack (5.2.5) lib/action_dispatch/middleware/debug_exceptions.rb:65:in `call'
web-console (3.7.0) lib/web_console/middleware.rb:135:in `call_app'
web-console (3.7.0) lib/web_console/middleware.rb:30:in `block in call'
web-console (3.7.0) lib/web_console/middleware.rb:20:in `catch'
web-console (3.7.0) lib/web_console/middleware.rb:20:in `call'
actionpack (5.2.5) lib/action_dispatch/middleware/show_exceptions.rb:33:in `call'
railties (5.2.5) lib/rails/rack/logger.rb:38:in `call_app'
railties (5.2.5) lib/rails/rack/logger.rb:26:in `block in call'
activesupport (5.2.5) lib/active_support/tagged_logging.rb:71:in `block in tagged'
activesupport (5.2.5) lib/active_support/tagged_logging.rb:28:in `tagged'
activesupport (5.2.5) lib/active_support/tagged_logging.rb:71:in `tagged'
railties (5.2.5) lib/rails/rack/logger.rb:26:in `call'
sprockets-rails (3.2.2) lib/sprockets/rails/quiet_assets.rb:13:in `call'
actionpack (5.2.5) lib/action_dispatch/middleware/remote_ip.rb:81:in `call'
actionpack (5.2.5) lib/action_dispatch/middleware/request_id.rb:27:in `call'
rack (2.2.3) lib/rack/method_override.rb:24:in `call'
rack (2.2.3) lib/rack/runtime.rb:22:in `call'
activesupport (5.2.5) lib/active_support/cache/strategy/local_cache_middleware.rb:29:in `call'
actionpack (5.2.5) lib/action_dispatch/middleware/executor.rb:14:in `call'
actionpack (5.2.5) lib/action_dispatch/middleware/static.rb:127:in `call'
rack (2.2.3) lib/rack/sendfile.rb:110:in `call'
railties (5.2.5) lib/rails/engine.rb:524:in `call'
puma (3.12.6) lib/puma/configuration.rb:227:in `call'
puma (3.12.6) lib/puma/server.rb:706:in `handle_request'
puma (3.12.6) lib/puma/server.rb:476:in `process_client'
puma (3.12.6) lib/puma/server.rb:334:in `block in run'
puma (3.12.6) lib/puma/thread_pool.rb:135:in `block in spawn_thread'
Started GET "/users/new" for ::1 at 2021-04-06 14:43:30 -0400
Processing by UsersController#new as HTML
  [1m[36mUser Load (86.3ms)[0m  [1m[34mSELECT  "users".* FROM "users" WHERE "users"."session_token" IS NULL LIMIT $1[0m  [["LIMIT", 1]]
  ↳ app/controllers/application_controller.rb:7
Redirected to http://localhost:3000/users
Filter chain halted as :require_logged_out rendered or redirected
Completed 302 Found in 92ms (ActiveRecord: 86.3ms)


Started GET "/users" for ::1 at 2021-04-06 14:43:31 -0400
  
ActionController::RoutingError (No route matches [GET] "/users"):
  
actionpack (5.2.5) lib/action_dispatch/middleware/debug_exceptions.rb:65:in `call'
web-console (3.7.0) lib/web_console/middleware.rb:135:in `call_app'
web-console (3.7.0) lib/web_console/middleware.rb:30:in `block in call'
web-console (3.7.0) lib/web_console/middleware.rb:20:in `catch'
web-console (3.7.0) lib/web_console/middleware.rb:20:in `call'
actionpack (5.2.5) lib/action_dispatch/middleware/show_exceptions.rb:33:in `call'
railties (5.2.5) lib/rails/rack/logger.rb:38:in `call_app'
railties (5.2.5) lib/rails/rack/logger.rb:26:in `block in call'
activesupport (5.2.5) lib/active_support/tagged_logging.rb:71:in `block in tagged'
activesupport (5.2.5) lib/active_support/tagged_logging.rb:28:in `tagged'
activesupport (5.2.5) lib/active_support/tagged_logging.rb:71:in `tagged'
railties (5.2.5) lib/rails/rack/logger.rb:26:in `call'
sprockets-rails (3.2.2) lib/sprockets/rails/quiet_assets.rb:13:in `call'
actionpack (5.2.5) lib/action_dispatch/middleware/remote_ip.rb:81:in `call'
actionpack (5.2.5) lib/action_dispatch/middleware/request_id.rb:27:in `call'
rack (2.2.3) lib/rack/method_override.rb:24:in `call'
rack (2.2.3) lib/rack/runtime.rb:22:in `call'
activesupport (5.2.5) lib/active_support/cache/strategy/local_cache_middleware.rb:29:in `call'
actionpack (5.2.5) lib/action_dispatch/middleware/executor.rb:14:in `call'
actionpack (5.2.5) lib/action_dispatch/middleware/static.rb:127:in `call'
rack (2.2.3) lib/rack/sendfile.rb:110:in `call'
railties (5.2.5) lib/rails/engine.rb:524:in `call'
puma (3.12.6) lib/puma/configuration.rb:227:in `call'
puma (3.12.6) lib/puma/server.rb:706:in `handle_request'
puma (3.12.6) lib/puma/server.rb:476:in `process_client'
puma (3.12.6) lib/puma/server.rb:334:in `block in run'
puma (3.12.6) lib/puma/thread_pool.rb:135:in `block in spawn_thread'
Started GET "/users" for ::1 at 2021-04-06 14:47:15 -0400
  
ActionController::RoutingError (No route matches [GET] "/users"):
  
actionpack (5.2.5) lib/action_dispatch/middleware/debug_exceptions.rb:65:in `call'
web-console (3.7.0) lib/web_console/middleware.rb:135:in `call_app'
web-console (3.7.0) lib/web_console/middleware.rb:30:in `block in call'
web-console (3.7.0) lib/web_console/middleware.rb:20:in `catch'
web-console (3.7.0) lib/web_console/middleware.rb:20:in `call'
actionpack (5.2.5) lib/action_dispatch/middleware/show_exceptions.rb:33:in `call'
railties (5.2.5) lib/rails/rack/logger.rb:38:in `call_app'
railties (5.2.5) lib/rails/rack/logger.rb:26:in `block in call'
activesupport (5.2.5) lib/active_support/tagged_logging.rb:71:in `block in tagged'
activesupport (5.2.5) lib/active_support/tagged_logging.rb:28:in `tagged'
activesupport (5.2.5) lib/active_support/tagged_logging.rb:71:in `tagged'
railties (5.2.5) lib/rails/rack/logger.rb:26:in `call'
sprockets-rails (3.2.2) lib/sprockets/rails/quiet_assets.rb:13:in `call'
actionpack (5.2.5) lib/action_dispatch/middleware/remote_ip.rb:81:in `call'
actionpack (5.2.5) lib/action_dispatch/middleware/request_id.rb:27:in `call'
rack (2.2.3) lib/rack/method_override.rb:24:in `call'
rack (2.2.3) lib/rack/runtime.rb:22:in `call'
activesupport (5.2.5) lib/active_support/cache/strategy/local_cache_middleware.rb:29:in `call'
actionpack (5.2.5) lib/action_dispatch/middleware/executor.rb:14:in `call'
actionpack (5.2.5) lib/action_dispatch/middleware/static.rb:127:in `call'
rack (2.2.3) lib/rack/sendfile.rb:110:in `call'
railties (5.2.5) lib/rails/engine.rb:524:in `call'
puma (3.12.6) lib/puma/configuration.rb:227:in `call'
puma (3.12.6) lib/puma/server.rb:706:in `handle_request'
puma (3.12.6) lib/puma/server.rb:476:in `process_client'
puma (3.12.6) lib/puma/server.rb:334:in `block in run'
puma (3.12.6) lib/puma/thread_pool.rb:135:in `block in spawn_thread'
Started GET "/users/new" for ::1 at 2021-04-06 14:51:28 -0400
Processing by UsersController#new as HTML
  [1m[36mUser Load (0.5ms)[0m  [1m[34mSELECT  "users".* FROM "users" WHERE "users"."session_token" IS NULL LIMIT $1[0m  [["LIMIT", 1]]
  ↳ app/controllers/application_controller.rb:7
Redirected to http://localhost:3000/users
Filter chain halted as :require_logged_out rendered or redirected
Completed 302 Found in 73ms (ActiveRecord: 53.7ms)


Started GET "/users" for ::1 at 2021-04-06 14:51:29 -0400
  
ActionController::RoutingError (No route matches [GET] "/users"):
  
actionpack (5.2.5) lib/action_dispatch/middleware/debug_exceptions.rb:65:in `call'
web-console (3.7.0) lib/web_console/middleware.rb:135:in `call_app'
web-console (3.7.0) lib/web_console/middleware.rb:30:in `block in call'
web-console (3.7.0) lib/web_console/middleware.rb:20:in `catch'
web-console (3.7.0) lib/web_console/middleware.rb:20:in `call'
actionpack (5.2.5) lib/action_dispatch/middleware/show_exceptions.rb:33:in `call'
railties (5.2.5) lib/rails/rack/logger.rb:38:in `call_app'
railties (5.2.5) lib/rails/rack/logger.rb:26:in `block in call'
activesupport (5.2.5) lib/active_support/tagged_logging.rb:71:in `block in tagged'
activesupport (5.2.5) lib/active_support/tagged_logging.rb:28:in `tagged'
activesupport (5.2.5) lib/active_support/tagged_logging.rb:71:in `tagged'
railties (5.2.5) lib/rails/rack/logger.rb:26:in `call'
sprockets-rails (3.2.2) lib/sprockets/rails/quiet_assets.rb:13:in `call'
actionpack (5.2.5) lib/action_dispatch/middleware/remote_ip.rb:81:in `call'
actionpack (5.2.5) lib/action_dispatch/middleware/request_id.rb:27:in `call'
rack (2.2.3) lib/rack/method_override.rb:24:in `call'
rack (2.2.3) lib/rack/runtime.rb:22:in `call'
activesupport (5.2.5) lib/active_support/cache/strategy/local_cache_middleware.rb:29:in `call'
actionpack (5.2.5) lib/action_dispatch/middleware/executor.rb:14:in `call'
actionpack (5.2.5) lib/action_dispatch/middleware/static.rb:127:in `call'
rack (2.2.3) lib/rack/sendfile.rb:110:in `call'
railties (5.2.5) lib/rails/engine.rb:524:in `call'
puma (3.12.6) lib/puma/configuration.rb:227:in `call'
puma (3.12.6) lib/puma/server.rb:706:in `handle_request'
puma (3.12.6) lib/puma/server.rb:476:in `process_client'
puma (3.12.6) lib/puma/server.rb:334:in `block in run'
puma (3.12.6) lib/puma/thread_pool.rb:135:in `block in spawn_thread'
Started GET "/users/new" for ::1 at 2021-04-06 14:55:31 -0400
Processing by UsersController#new as HTML
  Rendering users/new.html.erb within layouts/application
  Rendered users/new.html.erb within layouts/application (24.0ms)
  [1m[36mUser Load (0.7ms)[0m  [1m[34mSELECT  "users".* FROM "users" WHERE "users"."session_token" IS NULL LIMIT $1[0m  [["LIMIT", 1]]
  ↳ app/controllers/application_controller.rb:7
Started GET "/users/new" for ::1 at 2021-04-06 14:55:35 -0400
Completed 500 Internal Server Error in 5341ms (ActiveRecord: 232.1ms)



NameError - undefined local variable or method `new_session_url' for #<#<Class:0x00007fdbc8077370>:0x00007fdbc80759d0>
Did you mean?  new_sessions_url:
  app/views/layouts/application.html.erb:27:in `_app_views_layouts_application_html_erb__2258706927834993009_70290918305940'
  app/controllers/users_controller.rb:13:in `new'

Processing by UsersController#new as HTML
  Rendering users/new.html.erb within layouts/application
  Rendered users/new.html.erb within layouts/application (2.7ms)
  [1m[36mUser Load (0.5ms)[0m  [1m[34mSELECT  "users".* FROM "users" WHERE "users"."session_token" IS NULL LIMIT $1[0m  [["LIMIT", 1]]
  ↳ app/controllers/application_controller.rb:7
Completed 500 Internal Server Error in 2859ms (ActiveRecord: 52.8ms)



NameError - undefined local variable or method `new_session_url' for #<#<Class:0x00007fdbca9f41a8>:0x00007fdbc8396790>
Did you mean?  new_sessions_url:
  app/views/layouts/application.html.erb:27:in `_app_views_layouts_application_html_erb__2258706927834993009_70290987022240'
  app/controllers/users_controller.rb:13:in `new'

Started POST "/__better_errors/8a925921f1f5eafa/variables" for ::1 at 2021-04-06 14:55:46 -0400
Started GET "/users/new" for ::1 at 2021-04-06 14:56:31 -0400
Processing by UsersController#new as HTML
  Rendering users/new.html.erb within layouts/application
  Rendered users/new.html.erb within layouts/application (0.7ms)
  [1m[36mUser Load (0.5ms)[0m  [1m[34mSELECT  "users".* FROM "users" WHERE "users"."session_token" IS NULL LIMIT $1[0m  [["LIMIT", 1]]
  ↳ app/controllers/application_controller.rb:7
Completed 200 OK in 367ms (Views: 215.6ms | ActiveRecord: 131.6ms)


Started GET "/session/new" for ::1 at 2021-04-06 14:57:01 -0400
Processing by SessionsController#new as HTML
Completed 500 Internal Server Error in 17ms (ActiveRecord: 0.0ms)



ActionView::MissingTemplate - Missing template sessions/new, application/new with {:locale=>[:en], :formats=>[:html], :variants=>[], :handlers=>[:raw, :erb, :html, :builder, :ruby, :coffee, :jbuilder]}. Searched in:
  * "/Users/michelleroos/Desktop/aa_class/W7D2/W7D2/music_app/app/views":
  app/controllers/sessions_controller.rb:8:in `new'

Started POST "/__better_errors/5179b732cfa507c6/variables" for ::1 at 2021-04-06 14:57:01 -0400
Started GET "/users/new" for ::1 at 2021-04-06 14:57:02 -0400
Processing by UsersController#new as HTML
  Rendering users/new.html.erb within layouts/application
  Rendered users/new.html.erb within layouts/application (12.9ms)
  [1m[36mUser Load (56.6ms)[0m  [1m[34mSELECT  "users".* FROM "users" WHERE "users"."session_token" IS NULL LIMIT $1[0m  [["LIMIT", 1]]
  ↳ app/controllers/application_controller.rb:7
Completed 200 OK in 414ms (Views: 356.2ms | ActiveRecord: 56.6ms)


Started GET "/users/new" for ::1 at 2021-04-06 14:57:05 -0400
Processing by UsersController#new as HTML
  Rendering users/new.html.erb within layouts/application
  Rendered users/new.html.erb within layouts/application (0.4ms)
  [1m[36mUser Load (0.8ms)[0m  [1m[34mSELECT  "users".* FROM "users" WHERE "users"."session_token" IS NULL LIMIT $1[0m  [["LIMIT", 1]]
  ↳ app/controllers/application_controller.rb:7
Completed 200 OK in 77ms (Views: 75.0ms | ActiveRecord: 0.8ms)


Started GET "/users/new" for ::1 at 2021-04-06 14:59:41 -0400
Processing by UsersController#new as HTML
  [1m[36mUser Load (20.6ms)[0m  [1m[34mSELECT  "users".* FROM "users" WHERE "users"."session_token" IS NULL LIMIT $1[0m  [["LIMIT", 1]]
  ↳ app/controllers/application_controller.rb:7
Redirected to http://localhost:3000/users
Filter chain halted as :require_logged_out rendered or redirected
Completed 302 Found in 69ms (ActiveRecord: 39.3ms)


Started GET "/users" for ::1 at 2021-04-06 14:59:41 -0400
  
ActionController::RoutingError (No route matches [GET] "/users"):
  
actionpack (5.2.5) lib/action_dispatch/middleware/debug_exceptions.rb:65:in `call'
web-console (3.7.0) lib/web_console/middleware.rb:135:in `call_app'
web-console (3.7.0) lib/web_console/middleware.rb:30:in `block in call'
web-console (3.7.0) lib/web_console/middleware.rb:20:in `catch'
web-console (3.7.0) lib/web_console/middleware.rb:20:in `call'
actionpack (5.2.5) lib/action_dispatch/middleware/show_exceptions.rb:33:in `call'
railties (5.2.5) lib/rails/rack/logger.rb:38:in `call_app'
railties (5.2.5) lib/rails/rack/logger.rb:26:in `block in call'
activesupport (5.2.5) lib/active_support/tagged_logging.rb:71:in `block in tagged'
activesupport (5.2.5) lib/active_support/tagged_logging.rb:28:in `tagged'
activesupport (5.2.5) lib/active_support/tagged_logging.rb:71:in `tagged'
railties (5.2.5) lib/rails/rack/logger.rb:26:in `call'
sprockets-rails (3.2.2) lib/sprockets/rails/quiet_assets.rb:13:in `call'
actionpack (5.2.5) lib/action_dispatch/middleware/remote_ip.rb:81:in `call'
actionpack (5.2.5) lib/action_dispatch/middleware/request_id.rb:27:in `call'
rack (2.2.3) lib/rack/method_override.rb:24:in `call'
rack (2.2.3) lib/rack/runtime.rb:22:in `call'
activesupport (5.2.5) lib/active_support/cache/strategy/local_cache_middleware.rb:29:in `call'
actionpack (5.2.5) lib/action_dispatch/middleware/executor.rb:14:in `call'
actionpack (5.2.5) lib/action_dispatch/middleware/static.rb:127:in `call'
rack (2.2.3) lib/rack/sendfile.rb:110:in `call'
railties (5.2.5) lib/rails/engine.rb:524:in `call'
puma (3.12.6) lib/puma/configuration.rb:227:in `call'
puma (3.12.6) lib/puma/server.rb:706:in `handle_request'
puma (3.12.6) lib/puma/server.rb:476:in `process_client'
puma (3.12.6) lib/puma/server.rb:334:in `block in run'
puma (3.12.6) lib/puma/thread_pool.rb:135:in `block in spawn_thread'
  [1m[35m (0.2ms)[0m  [1m[34mSELECT pg_try_advisory_lock(4505726345591715405)[0m
  ↳ bin/rails:9
  [1m[35m (12.8ms)[0m  [1m[34mSELECT "schema_migrations"."version" FROM "schema_migrations" ORDER BY "schema_migrations"."version" ASC[0m
  ↳ bin/rails:9
Migrating to CreateBands (20210406200429)
  [1m[35m (0.3ms)[0m  [1m[35mBEGIN[0m
  ↳ bin/rails:9
  [1m[35m (92.2ms)[0m  [1m[35mCREATE TABLE "bands" ("id" bigserial primary key, "name" character varying NOT NULL, "created_at" timestamp NOT NULL, "updated_at" timestamp NOT NULL)[0m
  ↳ db/migrate/20210406200429_create_bands.rb:3
  [1m[36mActiveRecord::SchemaMigration Create (0.4ms)[0m  [1m[32mINSERT INTO "schema_migrations" ("version") VALUES ($1) RETURNING "version"[0m  [["version", "20210406200429"]]
  ↳ bin/rails:9
  [1m[35m (8.0ms)[0m  [1m[35mCOMMIT[0m
  ↳ bin/rails:9
  [1m[36mActiveRecord::InternalMetadata Load (16.2ms)[0m  [1m[34mSELECT  "ar_internal_metadata".* FROM "ar_internal_metadata" WHERE "ar_internal_metadata"."key" = $1 LIMIT $2[0m  [["key", "environment"], ["LIMIT", 1]]
  ↳ bin/rails:9
  [1m[35m (0.2ms)[0m  [1m[35mBEGIN[0m
  ↳ bin/rails:9
  [1m[35m (0.1ms)[0m  [1m[35mCOMMIT[0m
  ↳ bin/rails:9
  [1m[35m (0.2ms)[0m  [1m[34mSELECT pg_advisory_unlock(4505726345591715405)[0m
  ↳ bin/rails:9
  [1m[35m (0.2ms)[0m  [1m[34mSELECT "schema_migrations"."version" FROM "schema_migrations" ORDER BY "schema_migrations"."version" ASC[0m
  ↳ bin/rails:9
Started GET "/" for ::1 at 2021-04-06 16:30:08 -0400
  [1m[35m (14.1ms)[0m  [1m[34mSELECT "schema_migrations"."version" FROM "schema_migrations" ORDER BY "schema_migrations"."version" ASC[0m
  ↳ /home/collin/.rbenv/versions/2.5.1/lib/ruby/gems/2.5.0/gems/activerecord-5.2.5/lib/active_record/log_subscriber.rb:98
Processing by Rails::WelcomeController#index as */*
  Rendering /home/collin/.rbenv/versions/2.5.1/lib/ruby/gems/2.5.0/gems/railties-5.2.5/lib/rails/templates/rails/welcome/index.html.erb
  Rendered /home/collin/.rbenv/versions/2.5.1/lib/ruby/gems/2.5.0/gems/railties-5.2.5/lib/rails/templates/rails/welcome/index.html.erb (10.4ms)
Completed 200 OK in 117ms (Views: 65.1ms | ActiveRecord: 0.0ms)


Started GET "/bands" for ::1 at 2021-04-06 16:31:23 -0400
Processing by BandsController#index as */*
Completed 500 Internal Server Error in 79ms (ActiveRecord: 0.0ms)



ActionView::MissingTemplate - Missing template bands/index, application/index with {:locale=>[:en], :formats=>[:html, :text, :js, :css, :ics, :csv, :vcf, :vtt, :png, :jpeg, :gif, :bmp, :tiff, :svg, :mpeg, :mp3, :ogg, :m4a, :webm, :mp4, :otf, :ttf, :woff, :woff2, :xml, :rss, :atom, :yaml, :multipart_form, :url_encoded_form, :json, :pdf, :zip, :gzip], :variants=>[], :handlers=>[:raw, :erb, :html, :builder, :ruby, :coffee, :jbuilder]}. Searched in:
  * "/mnt/c/Users/cmwin/Desktop/aA-classworks/W7D2/music_app/app/views":
  app/controllers/bands_controller.rb:6:in `index'

Started GET "/users/new" for ::1 at 2021-04-06 16:35:24 -0400
  [1m[35m (0.2ms)[0m  [1m[34mSELECT "schema_migrations"."version" FROM "schema_migrations" ORDER BY "schema_migrations"."version" ASC[0m
  ↳ /home/collin/.rbenv/versions/2.5.1/lib/ruby/gems/2.5.0/gems/activerecord-5.2.5/lib/active_record/log_subscriber.rb:98
Processing by UsersController#new as */*
  Rendering users/new.html.erb within layouts/application
  Rendered users/new.html.erb within layouts/application (0.4ms)
Completed 200 OK in 835ms (Views: 795.1ms | ActiveRecord: 26.5ms)


Started GET "/session/new" for ::1 at 2021-04-06 16:35:30 -0400
Processing by SessionsController#new as HTML
Completed 500 Internal Server Error in 7ms (ActiveRecord: 0.0ms)



ActionView::MissingTemplate - Missing template sessions/new, application/new with {:locale=>[:en], :formats=>[:html], :variants=>[], :handlers=>[:raw, :erb, :html, :builder, :ruby, :coffee, :jbuilder]}. Searched in:
  * "/mnt/c/Users/cmwin/Desktop/aA-classworks/W7D2/music_app/app/views":
  app/controllers/sessions_controller.rb:8:in `new'

Started GET "/users/new" for ::1 at 2021-04-06 16:35:42 -0400
Processing by UsersController#new as HTML
  Rendering users/new.html.erb within layouts/application
  Rendered users/new.html.erb within layouts/application (0.3ms)
Completed 200 OK in 48ms (Views: 47.2ms | ActiveRecord: 0.0ms)


Started GET "/session/new" for ::1 at 2021-04-06 16:35:47 -0400
Processing by SessionsController#new as HTML
Completed 500 Internal Server Error in 5ms (ActiveRecord: 0.0ms)



ActionView::MissingTemplate - Missing template sessions/new, application/new with {:locale=>[:en], :formats=>[:html], :variants=>[], :handlers=>[:raw, :erb, :html, :builder, :ruby, :coffee, :jbuilder]}. Searched in:
  * "/mnt/c/Users/cmwin/Desktop/aA-classworks/W7D2/music_app/app/views":
  app/controllers/sessions_controller.rb:8:in `new'

Started GET "/bands" for ::1 at 2021-04-06 16:36:02 -0400
Processing by BandsController#index as */*
Completed 500 Internal Server Error in 49ms (ActiveRecord: 0.0ms)



ActionView::MissingTemplate - Missing template bands/index, application/index with {:locale=>[:en], :formats=>[:html, :text, :js, :css, :ics, :csv, :vcf, :vtt, :png, :jpeg, :gif, :bmp, :tiff, :svg, :mpeg, :mp3, :ogg, :m4a, :webm, :mp4, :otf, :ttf, :woff, :woff2, :xml, :rss, :atom, :yaml, :multipart_form, :url_encoded_form, :json, :pdf, :zip, :gzip], :variants=>[], :handlers=>[:raw, :erb, :html, :builder, :ruby, :coffee, :jbuilder]}. Searched in:
  * "/mnt/c/Users/cmwin/Desktop/aA-classworks/W7D2/music_app/app/views":
  app/controllers/bands_controller.rb:6:in `index'

Started GET "/bands" for ::1 at 2021-04-06 16:36:54 -0400
Processing by BandsController#index as */*
  Rendering bands/index.html.erb within layouts/application
  Rendered bands/index.html.erb within layouts/application (0.6ms)
Completed 200 OK in 82ms (Views: 81.9ms | ActiveRecord: 0.0ms)


Started POST "/bands" for ::1 at 2021-04-06 16:39:01 -0400
Processing by BandsController#create as */*
Completed 500 Internal Server Error in 1ms (ActiveRecord: 0.0ms)



NoMethodError - undefined method `bands' for nil:NilClass:
  app/controllers/bands_controller.rb:10:in `create'

Started POST "/bands" for ::1 at 2021-04-06 16:39:36 -0400
Processing by BandsController#create as */*
Completed 500 Internal Server Error in 1ms (ActiveRecord: 0.0ms)



NoMethodError - undefined method `bands' for nil:NilClass:
  app/controllers/bands_controller.rb:10:in `create'

Started POST "/users" for ::1 at 2021-04-06 16:44:33 -0400
Processing by UsersController#create as */*
Completed 400 Bad Request in 1ms (ActiveRecord: 0.0ms)



ActionController::ParameterMissing - param is missing or the value is empty: user:
  app/controllers/users_controller.rb:29:in `user_params'
  app/controllers/users_controller.rb:16:in `create'

  [1m[36mUser Load (22.9ms)[0m  [1m[34mSELECT "users".* FROM "users"[0m
